<?xml version="1.0" encoding="UTF-8"?>
<!-- Generated by org.testng.reporters.JUnitXMLReporter -->
<testsuite hostname="pradeep" name="ForgotpasswordPage" tests="13" failures="0" timestamp="14 Dec 2016 12:47:52 GMT" time="90.916" errors="0">
  <testcase name="launchSite" time="50.86" classname="controller.TestNgClass"/>
  <testcase name="clickkForgotPwd" time="1.199" classname="controller.TestNgClass"/>
  <testcase name="forgotPasswordPage" time="0.004" classname="controller.TestNgClass"/>
  <testcase name="checkForgotText" time="0.104" classname="controller.TestNgClass"/>
  <testcase name="checkForgotDis" time="0.087" classname="controller.TestNgClass"/>
  <testcase name="checkMailField" time="0.055" classname="controller.TestNgClass"/>
  <testcase name="checkResetButton" time="0.054" classname="controller.TestNgClass"/>
  <testcase name="checkCancelLink" time="0.055" classname="controller.TestNgClass"/>
  <testcase name="clickCancelLink" time="2.383" classname="controller.TestNgClass"/>
  <testcase name="validateReset1" time="3.276" classname="controller.TestNgClass"/>
  <testcase name="validateReset2" time="6.255" classname="controller.TestNgClass"/>
  <testcase name="inValidEmail" time="13.716" classname="controller.TestNgClass"/>
  <testcase name="validEmail" time="10.857" classname="controller.TestNgClass"/>
</testsuite> <!-- ForgotpasswordPage -->
