<?xml version="1.0" encoding="UTF-8"?>
<!-- Generated by org.testng.reporters.JUnitXMLReporter -->
<testsuite hostname="pradeep" name="HomePage" tests="16" failures="0" timestamp="21 Dec 2016 09:32:33 GMT" time="164.716" errors="0">
  <testcase name="launchSite" time="4.015" classname="controller.TestNgClass"/>
  <testcase name="validEmailAndPwd" time="16.657" classname="controller.TestNgClass"/>
  <testcase name="HomePage" time="0.012" classname="controller.TestNgClass"/>
  <testcase name="clickSalesLayout" time="11.348" classname="controller.TestNgClass"/>
  <testcase name="clickPolicyHolderLayout" time="10.745" classname="controller.TestNgClass"/>
  <testcase name="clickIotDeviceLayout" time="10.864" classname="controller.TestNgClass"/>
  <testcase name="clickWellnessLayout" time="10.799" classname="controller.TestNgClass"/>
  <testcase name="clickProductsLayout" time="10.219" classname="controller.TestNgClass"/>
  <testcase name="clickHealthLayout" time="10.707" classname="controller.TestNgClass"/>
  <testcase name="clickPremiumLayout" time="10.878" classname="controller.TestNgClass"/>
  <testcase name="clickEngagementLayout" time="10.17" classname="controller.TestNgClass"/>
  <testcase name="clickSocialIntLayout" time="10.354" classname="controller.TestNgClass"/>
  <testcase name="clickPointsLayout" time="10.234" classname="controller.TestNgClass"/>
  <testcase name="clickRewardsLayout" time="10.336" classname="controller.TestNgClass"/>
  <testcase name="clickAppAnlyLayout" time="10.737" classname="controller.TestNgClass"/>
  <testcase name="clickDeviceLogisLayout" time="10.196" classname="controller.TestNgClass"/>
</testsuite> <!-- HomePage -->
