<?xml version="1.0" encoding="UTF-8"?>
<!-- Generated by org.testng.reporters.JUnitXMLReporter -->
<testsuite hostname="pradeep" name="LoginPage" tests="3" failures="0" timestamp="14 Dec 2016 07:41:53 GMT" time="23.322" errors="0">
  <testcase name="launchSite" time="14.784" classname="controller.TestNgClass"/>
  <testcase name="checkSureifytext" time="0.099" classname="controller.TestNgClass"/>
  <testcase name="validateLogin3" time="6.469" classname="controller.TestNgClass"/>
</testsuite> <!-- LoginPage -->
