<?xml version="1.0" encoding="UTF-8"?>
<!-- Generated by org.testng.reporters.JUnitXMLReporter -->
<testsuite hostname="pradeep" name="SalesPiller" tests="6" failures="0" timestamp="23 Dec 2016 12:29:15 GMT" time="69.916" errors="0">
  <testcase name="launchSite" time="6.333" classname="controller.TestNgClass"/>
  <testcase name="validEmailAndPwd" time="24.465" classname="controller.TestNgClass"/>
  <testcase name="HomePage" time="0.022" classname="controller.TestNgClass"/>
  <testcase name="salesPiller" time="0.01" classname="controller.TestNgClass"/>
  <testcase name="checkSalesPillerLink" time="7.855" classname="controller.TestNgClass"/>
  <testcase name="recordsCopy_Sales_Quote" time="28.274" classname="controller.TestNgClass"/>
</testsuite> <!-- SalesPiller -->
