<?xml version="1.0" encoding="UTF-8"?>
<!-- Generated by org.testng.reporters.JUnitXMLReporter -->
<testsuite hostname="pradeep" name="SalesPiller_Quotes" tests="5" failures="0" timestamp="26 Dec 2016 12:36:45 GMT" time="37.47" errors="0">
  <testcase name="launchSite" time="4.869" classname="controller.TestNgClass"/>
  <testcase name="validEmailAndPwd" time="22.933" classname="controller.TestNgClass"/>
  <testcase name="HomePage" time="0.018" classname="controller.TestNgClass"/>
  <testcase name="salesPiller" time="0.011" classname="controller.TestNgClass"/>
  <testcase name="checkSalesPillerLink" time="7.278" classname="controller.TestNgClass"/>
</testsuite> <!-- SalesPiller_Quotes -->
